<?xml version="1.0" encoding="UTF-8"?>
<!-- Generated by org.testng.reporters.JUnitReportReporter -->
<testsuite skipped="0" hostname="Balas-MBP" name="com.qa.linkedin.testcases.SearchDDTTest" tests="5" failures="0" timestamp="30 May 2019 19:33:03 GMT" time="31.815" errors="0">
  <testcase name="searchTest" time="6.580" classname="com.qa.linkedin.testcases.SearchDDTTest"/>
  <testcase name="searchTest" time="7.138" classname="com.qa.linkedin.testcases.SearchDDTTest"/>
  <testcase name="searchTest" time="4.548" classname="com.qa.linkedin.testcases.SearchDDTTest"/>
  <testcase name="searchTest" time="6.699" classname="com.qa.linkedin.testcases.SearchDDTTest"/>
  <testcase name="searchTest" time="6.850" classname="com.qa.linkedin.testcases.SearchDDTTest"/>
</testsuite> <!-- com.qa.linkedin.testcases.SearchDDTTest -->
